  OS11_HTAPI.cpp
D:\проекты 5 сем\системное программирование\lab2_02\OS11_HTAPI\OS11_HTAPI.cpp(51,10): warning C4273: HT::async_snapshot_thread: несовместимое связывание dll
      D:\проекты 5 сем\системное программирование\lab2_02\OS11_HTAPI\HT.h(104,25):
      см. предыдущее определение "HT::async_snapshot_thread"
  
D:\проекты 5 сем\системное программирование\lab2_02\OS11_HTAPI\OS11_HTAPI.cpp(60,15): warning C4273: HT::HTHANDLE::HTHANDLE: несовместимое связывание dll
      D:\проекты 5 сем\системное программирование\lab2_02\OS11_HTAPI\HT.h(15,9):
      см. предыдущее определение "HT::HTHANDLE::HTHANDLE"
  
D:\проекты 5 сем\системное программирование\lab2_02\OS11_HTAPI\OS11_HTAPI.cpp(76,15): warning C4273: HT::HTHANDLE::HTHANDLE: несовместимое связывание dll
      D:\проекты 5 сем\системное программирование\lab2_02\OS11_HTAPI\HT.h(16,9):
      см. предыдущее определение "HT::HTHANDLE::HTHANDLE"
  
D:\проекты 5 сем\системное программирование\lab2_02\OS11_HTAPI\OS11_HTAPI.cpp(93,14): warning C4273: HT::Element::Element: несовместимое связывание dll
      D:\проекты 5 сем\системное программирование\lab2_02\OS11_HTAPI\HT.h(34,9):
      см. предыдущее определение "HT::Element::Element"
  
D:\проекты 5 сем\системное программирование\lab2_02\OS11_HTAPI\OS11_HTAPI.cpp(100,14): warning C4273: HT::Element::Element: несовместимое связывание dll
      D:\проекты 5 сем\системное программирование\lab2_02\OS11_HTAPI\HT.h(35,9):
      см. предыдущее определение "HT::Element::Element"
  
D:\проекты 5 сем\системное программирование\lab2_02\OS11_HTAPI\OS11_HTAPI.cpp(107,14): warning C4273: HT::Element::Element: несовместимое связывание dll
      D:\проекты 5 сем\системное программирование\lab2_02\OS11_HTAPI\HT.h(36,9):
      см. предыдущее определение "HT::Element::Element"
  
D:\проекты 5 сем\системное программирование\lab2_02\OS11_HTAPI\OS11_HTAPI.cpp(114,14): warning C4273: HT::Element::Element: несовместимое связывание dll
      D:\проекты 5 сем\системное программирование\lab2_02\OS11_HTAPI\HT.h(37,9):
      см. предыдущее определение "HT::Element::Element"
  
D:\проекты 5 сем\системное программирование\lab2_02\OS11_HTAPI\OS11_HTAPI.cpp(121,15): warning C4273: HT::Create: несовместимое связывание dll
      D:\проекты 5 сем\системное программирование\lab2_02\OS11_HTAPI\HT.h(44,30):
      см. предыдущее определение "HT::Create"
  
D:\проекты 5 сем\системное программирование\lab2_02\OS11_HTAPI\OS11_HTAPI.cpp(190,15): warning C4273: HT::Open: несовместимое связывание dll
      D:\проекты 5 сем\системное программирование\lab2_02\OS11_HTAPI\HT.h(53,30):
      см. предыдущее определение "HT::Open"
  
D:\проекты 5 сем\системное программирование\lab2_02\OS11_HTAPI\OS11_HTAPI.cpp(203,20): warning C4477: "printf": в строке форматирования "%d" требуется аргумент типа "int", но вариативный аргумент "1" имеет тип "char *"
D:\проекты 5 сем\системное программирование\lab2_02\OS11_HTAPI\OS11_HTAPI.cpp(203,20): warning C4313: printf: конфликт "%d" в строке формата с аргументом 1 типа "char *"
D:\проекты 5 сем\системное программирование\lab2_02\OS11_HTAPI\OS11_HTAPI.cpp(210,20): warning C4477: "printf": в строке форматирования "%d" требуется аргумент типа "int", но вариативный аргумент "1" имеет тип "char *"
D:\проекты 5 сем\системное программирование\lab2_02\OS11_HTAPI\OS11_HTAPI.cpp(210,20): warning C4313: printf: конфликт "%d" в строке формата с аргументом 1 типа "char *"
D:\проекты 5 сем\системное программирование\lab2_02\OS11_HTAPI\OS11_HTAPI.cpp(261,10): warning C4273: HT::Snap: несовместимое связывание dll
      D:\проекты 5 сем\системное программирование\lab2_02\OS11_HTAPI\HT.h(58,25):
      см. предыдущее определение "HT::Snap"
  
D:\проекты 5 сем\системное программирование\lab2_02\OS11_HTAPI\OS11_HTAPI.cpp(280,10): warning C4273: HT::Close: несовместимое связывание dll
      D:\проекты 5 сем\системное программирование\lab2_02\OS11_HTAPI\HT.h(63,25):
      см. предыдущее определение "HT::Close"
  
D:\проекты 5 сем\системное программирование\lab2_02\OS11_HTAPI\OS11_HTAPI.cpp(308,10): warning C4273: HT::Insert: несовместимое связывание dll
      D:\проекты 5 сем\системное программирование\lab2_02\OS11_HTAPI\HT.h(68,25):
      см. предыдущее определение "HT::Insert"
  
D:\проекты 5 сем\системное программирование\lab2_02\OS11_HTAPI\OS11_HTAPI.cpp(374,10): warning C4273: HT::Delete: несовместимое связывание dll
      D:\проекты 5 сем\системное программирование\lab2_02\OS11_HTAPI\HT.h(74,25):
      см. предыдущее определение "HT::Delete"
  
D:\проекты 5 сем\системное программирование\lab2_02\OS11_HTAPI\OS11_HTAPI.cpp(409,14): warning C4273: HT::Get: несовместимое связывание dll
      D:\проекты 5 сем\системное программирование\lab2_02\OS11_HTAPI\HT.h(80,29):
      см. предыдущее определение "HT::Get"
  
D:\проекты 5 сем\системное программирование\lab2_02\OS11_HTAPI\OS11_HTAPI.cpp(442,10): warning C4273: HT::Update: несовместимое связывание dll
      D:\проекты 5 сем\системное программирование\lab2_02\OS11_HTAPI\HT.h(86,25):
      см. предыдущее определение "HT::Update"
  
D:\проекты 5 сем\системное программирование\lab2_02\OS11_HTAPI\OS11_HTAPI.cpp(477,11): warning C4273: HT::GetLastError: несовместимое связывание dll
      D:\проекты 5 сем\системное программирование\lab2_02\OS11_HTAPI\HT.h(94,26):
      см. предыдущее определение "HT::GetLastError"
  
D:\проекты 5 сем\системное программирование\lab2_02\OS11_HTAPI\OS11_HTAPI.cpp(484,10): warning C4273: HT::print: несовместимое связывание dll
      D:\проекты 5 сем\системное программирование\lab2_02\OS11_HTAPI\HT.h(99,25):
      см. предыдущее определение "HT::print"
  
  OS11_HTAPI.vcxproj -> D:\проекты 5 сем\системное программирование\lab2_02\OS11_HTAPI\x64\Debug\OS11_HTAPI.dll
